2014/05/28 14:45:16 [error] [php] Undefined index: id (/var/www/new/yii1/protected/controllers/SiteController.php:31)
Stack trace:
#0 /var/www/new/yii1/protected/vendor/yiisoft/yii/framework/web/CController.php(286): SiteController->runAction()
#1 /var/www/new/yii1/protected/vendor/yiisoft/yii/framework/web/CController.php(265): SiteController->runActionWithFilters()
#2 /var/www/new/yii1/protected/vendor/yiisoft/yii/framework/web/CWebApplication.php(282): SiteController->run()
#3 /var/www/new/yii1/protected/vendor/yiisoft/yii/framework/web/CWebApplication.php(141): CWebApplication->runController()
#4 /var/www/new/yii1/protected/vendor/yiisoft/yii/framework/base/CApplication.php(180): CWebApplication->processRequest()
#5 /var/www/new/yii1/app/index.php(13): CWebApplication->run()
REQUEST_URI=/new/yii1/app/?projectname=&call=&sll=&sspn=&z=&results=&step=
in /var/www/new/yii1/protected/controllers/SiteController.php (31)
in /var/www/new/yii1/app/index.php (13)
2014/05/28 14:45:30 [error] [php] Undefined index: id (/var/www/new/yii1/protected/controllers/SiteController.php:31)
Stack trace:
#0 /var/www/new/yii1/protected/vendor/yiisoft/yii/framework/web/CController.php(286): SiteController->runAction()
#1 /var/www/new/yii1/protected/vendor/yiisoft/yii/framework/web/CController.php(265): SiteController->runActionWithFilters()
#2 /var/www/new/yii1/protected/vendor/yiisoft/yii/framework/web/CWebApplication.php(282): SiteController->run()
#3 /var/www/new/yii1/protected/vendor/yiisoft/yii/framework/web/CWebApplication.php(141): CWebApplication->runController()
#4 /var/www/new/yii1/protected/vendor/yiisoft/yii/framework/base/CApplication.php(180): CWebApplication->processRequest()
#5 /var/www/new/yii1/app/index.php(13): CWebApplication->run()
REQUEST_URI=/new/yii1/app/?projectname=&call=&sll=&sspn=&z=&results=&step=
in /var/www/new/yii1/protected/controllers/SiteController.php (31)
in /var/www/new/yii1/app/index.php (13)
2014/05/28 14:45:32 [error] [php] Undefined index: id (/var/www/new/yii1/protected/controllers/SiteController.php:31)
Stack trace:
#0 /var/www/new/yii1/protected/vendor/yiisoft/yii/framework/web/CController.php(286): SiteController->runAction()
#1 /var/www/new/yii1/protected/vendor/yiisoft/yii/framework/web/CController.php(265): SiteController->runActionWithFilters()
#2 /var/www/new/yii1/protected/vendor/yiisoft/yii/framework/web/CWebApplication.php(282): SiteController->run()
#3 /var/www/new/yii1/protected/vendor/yiisoft/yii/framework/web/CWebApplication.php(141): CWebApplication->runController()
#4 /var/www/new/yii1/protected/vendor/yiisoft/yii/framework/base/CApplication.php(180): CWebApplication->processRequest()
#5 /var/www/new/yii1/app/index.php(13): CWebApplication->run()
REQUEST_URI=/new/yii1/app/?projectname=&call=&sll=&sspn=&z=&results=&step=
in /var/www/new/yii1/protected/controllers/SiteController.php (31)
in /var/www/new/yii1/app/index.php (13)
2014/05/28 16:09:36 [error] [exception.CException] exception 'CException' with message 'Property "SiteController.Backbone_model" is not defined.' in /var/www/new/yii1/protected/vendor/yiisoft/yii/framework/base/CComponent.php:130
Stack trace:
#0 /var/www/new/yii1/protected/controllers/SiteController.php(31): CComponent->__get('Backbone_model')
#1 /var/www/new/yii1/protected/vendor/yiisoft/yii/framework/web/actions/CInlineAction.php(49): SiteController->actionIndex()
#2 /var/www/new/yii1/protected/vendor/yiisoft/yii/framework/web/CController.php(308): CInlineAction->runWithParams(Array)
#3 /var/www/new/yii1/protected/vendor/yiisoft/yii/framework/web/CController.php(286): CController->runAction(Object(CInlineAction))
#4 /var/www/new/yii1/protected/vendor/yiisoft/yii/framework/web/CController.php(265): CController->runActionWithFilters(Object(CInlineAction), Array)
#5 /var/www/new/yii1/protected/vendor/yiisoft/yii/framework/web/CWebApplication.php(282): CController->run('')
#6 /var/www/new/yii1/protected/vendor/yiisoft/yii/framework/web/CWebApplication.php(141): CWebApplication->runController('')
#7 /var/www/new/yii1/protected/vendor/yiisoft/yii/framework/base/CApplication.php(180): CWebApplication->processRequest()
#8 /var/www/new/yii1/app/index.php(13): CApplication->run()
#9 {main}
REQUEST_URI=/new/yii1/app/?projectname=&call=&sll=&sspn=&z=&results=&step=
HTTP_REFERER=http://localhost/new/yii1/app/?projectname=&call=&sll=&sspn=&z=&results=&step=
---
2014/05/28 16:09:48 [error] [php] Undefined index: projectname (/var/www/new/yii1/protected/controllers/SiteController.php:31)
Stack trace:
#0 /var/www/new/yii1/protected/vendor/yiisoft/yii/framework/web/CController.php(286): SiteController->runAction()
#1 /var/www/new/yii1/protected/vendor/yiisoft/yii/framework/web/CController.php(265): SiteController->runActionWithFilters()
#2 /var/www/new/yii1/protected/vendor/yiisoft/yii/framework/web/CWebApplication.php(282): SiteController->run()
#3 /var/www/new/yii1/protected/vendor/yiisoft/yii/framework/web/CWebApplication.php(141): CWebApplication->runController()
#4 /var/www/new/yii1/protected/vendor/yiisoft/yii/framework/base/CApplication.php(180): CWebApplication->processRequest()
#5 /var/www/new/yii1/app/index.php(13): CWebApplication->run()
REQUEST_URI=/new/yii1/app/?projectname=&call=&sll=&sspn=&z=&results=&step=
in /var/www/new/yii1/protected/controllers/SiteController.php (31)
in /var/www/new/yii1/app/index.php (13)
2014/05/28 16:23:07 [error] [exception.CException] exception 'CException' with message 'Property "CHttpRequest.getPost" is not defined.' in /var/www/new/yii1/protected/vendor/yiisoft/yii/framework/base/CComponent.php:130
Stack trace:
#0 /var/www/new/yii1/protected/controllers/SiteController.php(31): CComponent->__get('getPost')
#1 /var/www/new/yii1/protected/vendor/yiisoft/yii/framework/web/actions/CInlineAction.php(49): SiteController->actionIndex()
#2 /var/www/new/yii1/protected/vendor/yiisoft/yii/framework/web/CController.php(308): CInlineAction->runWithParams(Array)
#3 /var/www/new/yii1/protected/vendor/yiisoft/yii/framework/web/CController.php(286): CController->runAction(Object(CInlineAction))
#4 /var/www/new/yii1/protected/vendor/yiisoft/yii/framework/web/CController.php(265): CController->runActionWithFilters(Object(CInlineAction), Array)
#5 /var/www/new/yii1/protected/vendor/yiisoft/yii/framework/web/CWebApplication.php(282): CController->run('')
#6 /var/www/new/yii1/protected/vendor/yiisoft/yii/framework/web/CWebApplication.php(141): CWebApplication->runController('')
#7 /var/www/new/yii1/protected/vendor/yiisoft/yii/framework/base/CApplication.php(180): CWebApplication->processRequest()
#8 /var/www/new/yii1/app/index.php(13): CApplication->run()
#9 {main}
REQUEST_URI=/new/yii1/app/?projectname=&call=&sll=&sspn=&z=&results=&step=
HTTP_REFERER=http://localhost/new/yii1/app/?projectname=&call=&sll=&sspn=&z=&results=&step=
---
2014/05/28 16:23:12 [error] [php] Missing argument 1 for CHttpRequest::getPost(), called in /var/www/new/yii1/protected/controllers/SiteController.php on line 31 and defined (/var/www/new/yii1/protected/vendor/yiisoft/yii/framework/web/CHttpRequest.php:197)
Stack trace:
#0 /var/www/new/yii1/protected/vendor/yiisoft/yii/framework/web/CController.php(308): CInlineAction->runWithParams()
#1 /var/www/new/yii1/protected/vendor/yiisoft/yii/framework/web/CController.php(286): SiteController->runAction()
#2 /var/www/new/yii1/protected/vendor/yiisoft/yii/framework/web/CController.php(265): SiteController->runActionWithFilters()
#3 /var/www/new/yii1/protected/vendor/yiisoft/yii/framework/web/CWebApplication.php(282): SiteController->run()
#4 /var/www/new/yii1/protected/vendor/yiisoft/yii/framework/web/CWebApplication.php(141): CWebApplication->runController()
#5 /var/www/new/yii1/protected/vendor/yiisoft/yii/framework/base/CApplication.php(180): CWebApplication->processRequest()
#6 /var/www/new/yii1/app/index.php(13): CWebApplication->run()
REQUEST_URI=/new/yii1/app/?projectname=&call=&sll=&sspn=&z=&results=&step=
in /var/www/new/yii1/protected/controllers/SiteController.php (31)
in /var/www/new/yii1/app/index.php (13)
2014/05/28 16:23:15 [error] [php] Missing argument 1 for CHttpRequest::getPost(), called in /var/www/new/yii1/protected/controllers/SiteController.php on line 31 and defined (/var/www/new/yii1/protected/vendor/yiisoft/yii/framework/web/CHttpRequest.php:197)
Stack trace:
#0 /var/www/new/yii1/protected/vendor/yiisoft/yii/framework/web/CController.php(308): CInlineAction->runWithParams()
#1 /var/www/new/yii1/protected/vendor/yiisoft/yii/framework/web/CController.php(286): SiteController->runAction()
#2 /var/www/new/yii1/protected/vendor/yiisoft/yii/framework/web/CController.php(265): SiteController->runActionWithFilters()
#3 /var/www/new/yii1/protected/vendor/yiisoft/yii/framework/web/CWebApplication.php(282): SiteController->run()
#4 /var/www/new/yii1/protected/vendor/yiisoft/yii/framework/web/CWebApplication.php(141): CWebApplication->runController()
#5 /var/www/new/yii1/protected/vendor/yiisoft/yii/framework/base/CApplication.php(180): CWebApplication->processRequest()
#6 /var/www/new/yii1/app/index.php(13): CWebApplication->run()
REQUEST_URI=/new/yii1/app/?projectname=&call=&sll=&sspn=&z=&results=&step=
in /var/www/new/yii1/protected/controllers/SiteController.php (31)
in /var/www/new/yii1/app/index.php (13)
2014/05/28 16:23:16 [error] [php] Missing argument 1 for CHttpRequest::getPost(), called in /var/www/new/yii1/protected/controllers/SiteController.php on line 31 and defined (/var/www/new/yii1/protected/vendor/yiisoft/yii/framework/web/CHttpRequest.php:197)
Stack trace:
#0 /var/www/new/yii1/protected/vendor/yiisoft/yii/framework/web/CController.php(308): CInlineAction->runWithParams()
#1 /var/www/new/yii1/protected/vendor/yiisoft/yii/framework/web/CController.php(286): SiteController->runAction()
#2 /var/www/new/yii1/protected/vendor/yiisoft/yii/framework/web/CController.php(265): SiteController->runActionWithFilters()
#3 /var/www/new/yii1/protected/vendor/yiisoft/yii/framework/web/CWebApplication.php(282): SiteController->run()
#4 /var/www/new/yii1/protected/vendor/yiisoft/yii/framework/web/CWebApplication.php(141): CWebApplication->runController()
#5 /var/www/new/yii1/protected/vendor/yiisoft/yii/framework/base/CApplication.php(180): CWebApplication->processRequest()
#6 /var/www/new/yii1/app/index.php(13): CWebApplication->run()
REQUEST_URI=/new/yii1/app/?projectname=&call=&sll=&sspn=&z=&results=&step=
in /var/www/new/yii1/protected/controllers/SiteController.php (31)
in /var/www/new/yii1/app/index.php (13)
2014/05/28 16:24:31 [error] [php] Missing argument 1 for CHttpRequest::getPost(), called in /var/www/new/yii1/protected/controllers/SiteController.php on line 31 and defined (/var/www/new/yii1/protected/vendor/yiisoft/yii/framework/web/CHttpRequest.php:197)
Stack trace:
#0 /var/www/new/yii1/protected/vendor/yiisoft/yii/framework/web/CController.php(308): CInlineAction->runWithParams()
#1 /var/www/new/yii1/protected/vendor/yiisoft/yii/framework/web/CController.php(286): SiteController->runAction()
#2 /var/www/new/yii1/protected/vendor/yiisoft/yii/framework/web/CController.php(265): SiteController->runActionWithFilters()
#3 /var/www/new/yii1/protected/vendor/yiisoft/yii/framework/web/CWebApplication.php(282): SiteController->run()
#4 /var/www/new/yii1/protected/vendor/yiisoft/yii/framework/web/CWebApplication.php(141): CWebApplication->runController()
#5 /var/www/new/yii1/protected/vendor/yiisoft/yii/framework/base/CApplication.php(180): CWebApplication->processRequest()
#6 /var/www/new/yii1/app/index.php(13): CWebApplication->run()
REQUEST_URI=/new/yii1/app/?projectname=&call=&sll=&sspn=&z=&results=&step=
in /var/www/new/yii1/protected/controllers/SiteController.php (31)
in /var/www/new/yii1/app/index.php (13)
2014/05/28 16:38:29 [error] [php] file_get_contents(): Invalid php:// URL specified (/var/www/new/yii1/protected/controllers/SiteController.php:31)
Stack trace:
#0 /var/www/new/yii1/protected/vendor/yiisoft/yii/framework/web/CController.php(308): CInlineAction->runWithParams()
#1 /var/www/new/yii1/protected/vendor/yiisoft/yii/framework/web/CController.php(286): SiteController->runAction()
#2 /var/www/new/yii1/protected/vendor/yiisoft/yii/framework/web/CController.php(265): SiteController->runActionWithFilters()
#3 /var/www/new/yii1/protected/vendor/yiisoft/yii/framework/web/CWebApplication.php(282): SiteController->run()
#4 /var/www/new/yii1/protected/vendor/yiisoft/yii/framework/web/CWebApplication.php(141): CWebApplication->runController()
#5 /var/www/new/yii1/protected/vendor/yiisoft/yii/framework/base/CApplication.php(180): CWebApplication->processRequest()
#6 /var/www/new/yii1/app/index.php(13): CWebApplication->run()
REQUEST_URI=/new/yii1/app/
in /var/www/new/yii1/protected/controllers/SiteController.php (31)
in /var/www/new/yii1/app/index.php (13)
2014/05/29 00:52:33 [error] [php] Undefined index: name (/var/www/new/yii1/protected/controllers/SiteController.php:33)
Stack trace:
#0 /var/www/new/yii1/protected/vendor/yiisoft/yii/framework/web/CController.php(286): SiteController->runAction()
#1 /var/www/new/yii1/protected/vendor/yiisoft/yii/framework/web/CController.php(265): SiteController->runActionWithFilters()
#2 /var/www/new/yii1/protected/vendor/yiisoft/yii/framework/web/CWebApplication.php(282): SiteController->run()
#3 /var/www/new/yii1/protected/vendor/yiisoft/yii/framework/web/CWebApplication.php(141): CWebApplication->runController()
#4 /var/www/new/yii1/protected/vendor/yiisoft/yii/framework/base/CApplication.php(180): CWebApplication->processRequest()
#5 /var/www/new/yii1/app/index.php(13): CWebApplication->run()
REQUEST_URI=/new/yii1/app/index.php/new
in /var/www/new/yii1/protected/controllers/SiteController.php (33)
in /var/www/new/yii1/app/index.php (13)
2014/05/29 01:03:27 [error] [php] include(Userinfo.php): failed to open stream: No such file or directory (/var/www/new/yii1/protected/vendor/yiisoft/yii/framework/YiiBase.php:427)
Stack trace:
#0 /var/www/new/yii1/protected/controllers/SiteController.php(33): spl_autoload_call()
#1 /var/www/new/yii1/protected/vendor/yiisoft/yii/framework/web/actions/CInlineAction.php(49): SiteController->actionIndex()
#2 /var/www/new/yii1/protected/vendor/yiisoft/yii/framework/web/CController.php(308): CInlineAction->runWithParams()
#3 /var/www/new/yii1/protected/vendor/yiisoft/yii/framework/web/CController.php(286): SiteController->runAction()
#4 /var/www/new/yii1/protected/vendor/yiisoft/yii/framework/web/CController.php(265): SiteController->runActionWithFilters()
#5 /var/www/new/yii1/protected/vendor/yiisoft/yii/framework/web/CWebApplication.php(282): SiteController->run()
#6 /var/www/new/yii1/protected/vendor/yiisoft/yii/framework/web/CWebApplication.php(141): CWebApplication->runController()
#7 /var/www/new/yii1/protected/vendor/yiisoft/yii/framework/base/CApplication.php(180): CWebApplication->processRequest()
#8 /var/www/new/yii1/app/index.php(13): CWebApplication->run()
REQUEST_URI=/new/yii1/app/index.php/gii
in /var/www/new/yii1/protected/controllers/SiteController.php (33)
in /var/www/new/yii1/app/index.php (13)
2014/05/29 01:06:01 [error] [php] include(Userinfo.php): failed to open stream: No such file or directory (/var/www/new/yii1/protected/vendor/yiisoft/yii/framework/YiiBase.php:427)
Stack trace:
#0 /var/www/new/yii1/protected/controllers/SiteController.php(33): spl_autoload_call()
#1 /var/www/new/yii1/protected/vendor/yiisoft/yii/framework/web/actions/CInlineAction.php(49): SiteController->actionIndex()
#2 /var/www/new/yii1/protected/vendor/yiisoft/yii/framework/web/CController.php(308): CInlineAction->runWithParams()
#3 /var/www/new/yii1/protected/vendor/yiisoft/yii/framework/web/CController.php(286): SiteController->runAction()
#4 /var/www/new/yii1/protected/vendor/yiisoft/yii/framework/web/CController.php(265): SiteController->runActionWithFilters()
#5 /var/www/new/yii1/protected/vendor/yiisoft/yii/framework/web/CWebApplication.php(282): SiteController->run()
#6 /var/www/new/yii1/protected/vendor/yiisoft/yii/framework/web/CWebApplication.php(141): CWebApplication->runController()
#7 /var/www/new/yii1/protected/vendor/yiisoft/yii/framework/base/CApplication.php(180): CWebApplication->processRequest()
#8 /var/www/new/yii1/app/index.php(13): CWebApplication->run()
REQUEST_URI=/new/yii1/app/
in /var/www/new/yii1/protected/controllers/SiteController.php (33)
in /var/www/new/yii1/app/index.php (13)
2014/05/29 01:10:57 [error] [system.db.CDbCommand] CDbCommand::fetchAll() failed: SQLSTATE[42S02]: Base table or view not found: 1146 Table 'yii.{{inputs}}' doesn't exist. The SQL statement executed was: SHOW FULL COLUMNS FROM `{{inputs}}`.
in /var/www/new/yii1/protected/controllers/SiteController.php (33)
in /var/www/new/yii1/app/index.php (13)
2014/05/29 01:10:57 [error] [exception.CDbException] exception 'CDbException' with message 'The table "{{inputs}}" for active record class "InsertRow" cannot be found in the database.' in /var/www/new/yii1/protected/vendor/yiisoft/yii/framework/db/ar/CActiveRecord.php:2362
Stack trace:
#0 /var/www/new/yii1/protected/vendor/yiisoft/yii/framework/db/ar/CActiveRecord.php(411): CActiveRecordMetaData->__construct(Object(InsertRow))
#1 /var/www/new/yii1/protected/vendor/yiisoft/yii/framework/db/ar/CActiveRecord.php(79): CActiveRecord->getMetaData()
#2 /var/www/new/yii1/protected/controllers/SiteController.php(33): CActiveRecord->__construct()
#3 /var/www/new/yii1/protected/vendor/yiisoft/yii/framework/web/actions/CInlineAction.php(49): SiteController->actionIndex()
#4 /var/www/new/yii1/protected/vendor/yiisoft/yii/framework/web/CController.php(308): CInlineAction->runWithParams(Array)
#5 /var/www/new/yii1/protected/vendor/yiisoft/yii/framework/web/CController.php(286): CController->runAction(Object(CInlineAction))
#6 /var/www/new/yii1/protected/vendor/yiisoft/yii/framework/web/CController.php(265): CController->runActionWithFilters(Object(CInlineAction), Array)
#7 /var/www/new/yii1/protected/vendor/yiisoft/yii/framework/web/CWebApplication.php(282): CController->run('')
#8 /var/www/new/yii1/protected/vendor/yiisoft/yii/framework/web/CWebApplication.php(141): CWebApplication->runController('')
#9 /var/www/new/yii1/protected/vendor/yiisoft/yii/framework/base/CApplication.php(180): CWebApplication->processRequest()
#10 /var/www/new/yii1/app/index.php(13): CApplication->run()
#11 {main}
REQUEST_URI=/new/yii1/app/
HTTP_REFERER=http://localhost/new/yii1/
---
2014/05/29 01:11:18 [error] [system.db.CDbCommand] CDbCommand::fetchAll() failed: SQLSTATE[42S02]: Base table or view not found: 1146 Table 'yii.InsertRow' doesn't exist. The SQL statement executed was: SHOW FULL COLUMNS FROM `InsertRow`.
in /var/www/new/yii1/protected/controllers/SiteController.php (33)
in /var/www/new/yii1/app/index.php (13)
2014/05/29 01:11:18 [error] [exception.CDbException] exception 'CDbException' with message 'The table "InsertRow" for active record class "InsertRow" cannot be found in the database.' in /var/www/new/yii1/protected/vendor/yiisoft/yii/framework/db/ar/CActiveRecord.php:2362
Stack trace:
#0 /var/www/new/yii1/protected/vendor/yiisoft/yii/framework/db/ar/CActiveRecord.php(411): CActiveRecordMetaData->__construct(Object(InsertRow))
#1 /var/www/new/yii1/protected/vendor/yiisoft/yii/framework/db/ar/CActiveRecord.php(79): CActiveRecord->getMetaData()
#2 /var/www/new/yii1/protected/controllers/SiteController.php(33): CActiveRecord->__construct()
#3 /var/www/new/yii1/protected/vendor/yiisoft/yii/framework/web/actions/CInlineAction.php(49): SiteController->actionIndex()
#4 /var/www/new/yii1/protected/vendor/yiisoft/yii/framework/web/CController.php(308): CInlineAction->runWithParams(Array)
#5 /var/www/new/yii1/protected/vendor/yiisoft/yii/framework/web/CController.php(286): CController->runAction(Object(CInlineAction))
#6 /var/www/new/yii1/protected/vendor/yiisoft/yii/framework/web/CController.php(265): CController->runActionWithFilters(Object(CInlineAction), Array)
#7 /var/www/new/yii1/protected/vendor/yiisoft/yii/framework/web/CWebApplication.php(282): CController->run('')
#8 /var/www/new/yii1/protected/vendor/yiisoft/yii/framework/web/CWebApplication.php(141): CWebApplication->runController('')
#9 /var/www/new/yii1/protected/vendor/yiisoft/yii/framework/base/CApplication.php(180): CWebApplication->processRequest()
#10 /var/www/new/yii1/app/index.php(13): CApplication->run()
#11 {main}
REQUEST_URI=/new/yii1/app/
HTTP_REFERER=http://localhost/new/yii1/
---
2014/05/29 01:12:10 [error] [system.db.CDbCommand] CDbCommand::fetchAll() failed: SQLSTATE[42S02]: Base table or view not found: 1146 Table 'yii.{{inputs}}' doesn't exist. The SQL statement executed was: SHOW FULL COLUMNS FROM `{{inputs}}`.
in /var/www/new/yii1/protected/controllers/SiteController.php (33)
in /var/www/new/yii1/app/index.php (13)
2014/05/29 01:12:10 [error] [exception.CDbException] exception 'CDbException' with message 'The table "{{inputs}}" for active record class "Inputs" cannot be found in the database.' in /var/www/new/yii1/protected/vendor/yiisoft/yii/framework/db/ar/CActiveRecord.php:2362
Stack trace:
#0 /var/www/new/yii1/protected/vendor/yiisoft/yii/framework/db/ar/CActiveRecord.php(411): CActiveRecordMetaData->__construct(Object(Inputs))
#1 /var/www/new/yii1/protected/vendor/yiisoft/yii/framework/db/ar/CActiveRecord.php(79): CActiveRecord->getMetaData()
#2 /var/www/new/yii1/protected/controllers/SiteController.php(33): CActiveRecord->__construct()
#3 /var/www/new/yii1/protected/vendor/yiisoft/yii/framework/web/actions/CInlineAction.php(49): SiteController->actionIndex()
#4 /var/www/new/yii1/protected/vendor/yiisoft/yii/framework/web/CController.php(308): CInlineAction->runWithParams(Array)
#5 /var/www/new/yii1/protected/vendor/yiisoft/yii/framework/web/CController.php(286): CController->runAction(Object(CInlineAction))
#6 /var/www/new/yii1/protected/vendor/yiisoft/yii/framework/web/CController.php(265): CController->runActionWithFilters(Object(CInlineAction), Array)
#7 /var/www/new/yii1/protected/vendor/yiisoft/yii/framework/web/CWebApplication.php(282): CController->run('')
#8 /var/www/new/yii1/protected/vendor/yiisoft/yii/framework/web/CWebApplication.php(141): CWebApplication->runController('')
#9 /var/www/new/yii1/protected/vendor/yiisoft/yii/framework/base/CApplication.php(180): CWebApplication->processRequest()
#10 /var/www/new/yii1/app/index.php(13): CApplication->run()
#11 {main}
REQUEST_URI=/new/yii1/app/
HTTP_REFERER=http://localhost/new/yii1/
---
2014/05/29 01:12:27 [error] [system.db.CDbCommand] CDbCommand::fetchAll() failed: SQLSTATE[42S02]: Base table or view not found: 1146 Table 'yii.Inputs' doesn't exist. The SQL statement executed was: SHOW FULL COLUMNS FROM `Inputs`.
in /var/www/new/yii1/protected/controllers/SiteController.php (33)
in /var/www/new/yii1/app/index.php (13)
2014/05/29 01:12:27 [error] [exception.CDbException] exception 'CDbException' with message 'The table "Inputs" for active record class "Inputs" cannot be found in the database.' in /var/www/new/yii1/protected/vendor/yiisoft/yii/framework/db/ar/CActiveRecord.php:2362
Stack trace:
#0 /var/www/new/yii1/protected/vendor/yiisoft/yii/framework/db/ar/CActiveRecord.php(411): CActiveRecordMetaData->__construct(Object(Inputs))
#1 /var/www/new/yii1/protected/vendor/yiisoft/yii/framework/db/ar/CActiveRecord.php(79): CActiveRecord->getMetaData()
#2 /var/www/new/yii1/protected/controllers/SiteController.php(33): CActiveRecord->__construct()
#3 /var/www/new/yii1/protected/vendor/yiisoft/yii/framework/web/actions/CInlineAction.php(49): SiteController->actionIndex()
#4 /var/www/new/yii1/protected/vendor/yiisoft/yii/framework/web/CController.php(308): CInlineAction->runWithParams(Array)
#5 /var/www/new/yii1/protected/vendor/yiisoft/yii/framework/web/CController.php(286): CController->runAction(Object(CInlineAction))
#6 /var/www/new/yii1/protected/vendor/yiisoft/yii/framework/web/CController.php(265): CController->runActionWithFilters(Object(CInlineAction), Array)
#7 /var/www/new/yii1/protected/vendor/yiisoft/yii/framework/web/CWebApplication.php(282): CController->run('')
#8 /var/www/new/yii1/protected/vendor/yiisoft/yii/framework/web/CWebApplication.php(141): CWebApplication->runController('')
#9 /var/www/new/yii1/protected/vendor/yiisoft/yii/framework/base/CApplication.php(180): CWebApplication->processRequest()
#10 /var/www/new/yii1/app/index.php(13): CApplication->run()
#11 {main}
REQUEST_URI=/new/yii1/app/
HTTP_REFERER=http://localhost/new/yii1/
---
2014/05/29 01:12:36 [error] [php] Trying to get property of non-object (/var/www/new/yii1/protected/vendor/yiisoft/yii/framework/db/schema/CDbCommandBuilder.php:239)
Stack trace:
#0 /var/www/new/yii1/protected/controllers/SiteController.php(35): inputs->save()
#1 /var/www/new/yii1/protected/vendor/yiisoft/yii/framework/web/actions/CInlineAction.php(49): SiteController->actionIndex()
#2 /var/www/new/yii1/protected/vendor/yiisoft/yii/framework/web/CController.php(308): CInlineAction->runWithParams()
#3 /var/www/new/yii1/protected/vendor/yiisoft/yii/framework/web/CController.php(286): SiteController->runAction()
#4 /var/www/new/yii1/protected/vendor/yiisoft/yii/framework/web/CController.php(265): SiteController->runActionWithFilters()
#5 /var/www/new/yii1/protected/vendor/yiisoft/yii/framework/web/CWebApplication.php(282): SiteController->run()
#6 /var/www/new/yii1/protected/vendor/yiisoft/yii/framework/web/CWebApplication.php(141): CWebApplication->runController()
#7 /var/www/new/yii1/protected/vendor/yiisoft/yii/framework/base/CApplication.php(180): CWebApplication->processRequest()
#8 /var/www/new/yii1/app/index.php(13): CWebApplication->run()
REQUEST_URI=/new/yii1/app/
in /var/www/new/yii1/protected/controllers/SiteController.php (35)
in /var/www/new/yii1/app/index.php (13)
2014/05/29 01:12:57 [error] [system.db.CDbCommand] CDbCommand::fetchAll() failed: SQLSTATE[42S02]: Base table or view not found: 1146 Table 'yii.{{inputs}}' doesn't exist. The SQL statement executed was: SHOW FULL COLUMNS FROM `{{inputs}}`.
in /var/www/new/yii1/protected/controllers/SiteController.php (33)
in /var/www/new/yii1/app/index.php (13)
2014/05/29 01:12:57 [error] [exception.CDbException] exception 'CDbException' with message 'The table "{{inputs}}" for active record class "inputs" cannot be found in the database.' in /var/www/new/yii1/protected/vendor/yiisoft/yii/framework/db/ar/CActiveRecord.php:2362
Stack trace:
#0 /var/www/new/yii1/protected/vendor/yiisoft/yii/framework/db/ar/CActiveRecord.php(411): CActiveRecordMetaData->__construct(Object(inputs))
#1 /var/www/new/yii1/protected/vendor/yiisoft/yii/framework/db/ar/CActiveRecord.php(79): CActiveRecord->getMetaData()
#2 /var/www/new/yii1/protected/controllers/SiteController.php(33): CActiveRecord->__construct()
#3 /var/www/new/yii1/protected/vendor/yiisoft/yii/framework/web/actions/CInlineAction.php(49): SiteController->actionIndex()
#4 /var/www/new/yii1/protected/vendor/yiisoft/yii/framework/web/CController.php(308): CInlineAction->runWithParams(Array)
#5 /var/www/new/yii1/protected/vendor/yiisoft/yii/framework/web/CController.php(286): CController->runAction(Object(CInlineAction))
#6 /var/www/new/yii1/protected/vendor/yiisoft/yii/framework/web/CController.php(265): CController->runActionWithFilters(Object(CInlineAction), Array)
#7 /var/www/new/yii1/protected/vendor/yiisoft/yii/framework/web/CWebApplication.php(282): CController->run('')
#8 /var/www/new/yii1/protected/vendor/yiisoft/yii/framework/web/CWebApplication.php(141): CWebApplication->runController('')
#9 /var/www/new/yii1/protected/vendor/yiisoft/yii/framework/base/CApplication.php(180): CWebApplication->processRequest()
#10 /var/www/new/yii1/app/index.php(13): CApplication->run()
#11 {main}
REQUEST_URI=/new/yii1/app/
HTTP_REFERER=http://localhost/new/yii1/
---
2014/05/29 01:13:09 [error] [php] Trying to get property of non-object (/var/www/new/yii1/protected/vendor/yiisoft/yii/framework/db/schema/CDbCommandBuilder.php:239)
Stack trace:
#0 /var/www/new/yii1/protected/controllers/SiteController.php(35): inputs->save()
#1 /var/www/new/yii1/protected/vendor/yiisoft/yii/framework/web/actions/CInlineAction.php(49): SiteController->actionIndex()
#2 /var/www/new/yii1/protected/vendor/yiisoft/yii/framework/web/CController.php(308): CInlineAction->runWithParams()
#3 /var/www/new/yii1/protected/vendor/yiisoft/yii/framework/web/CController.php(286): SiteController->runAction()
#4 /var/www/new/yii1/protected/vendor/yiisoft/yii/framework/web/CController.php(265): SiteController->runActionWithFilters()
#5 /var/www/new/yii1/protected/vendor/yiisoft/yii/framework/web/CWebApplication.php(282): SiteController->run()
#6 /var/www/new/yii1/protected/vendor/yiisoft/yii/framework/web/CWebApplication.php(141): CWebApplication->runController()
#7 /var/www/new/yii1/protected/vendor/yiisoft/yii/framework/base/CApplication.php(180): CWebApplication->processRequest()
#8 /var/www/new/yii1/app/index.php(13): CWebApplication->run()
REQUEST_URI=/new/yii1/app/
in /var/www/new/yii1/protected/controllers/SiteController.php (35)
in /var/www/new/yii1/app/index.php (13)
2014/05/29 01:15:06 [error] [php] include(inputs.php): failed to open stream: No such file or directory (/var/www/new/yii1/protected/vendor/yiisoft/yii/framework/YiiBase.php:427)
Stack trace:
#0 /var/www/new/yii1/protected/controllers/SiteController.php(33): spl_autoload_call()
#1 /var/www/new/yii1/protected/vendor/yiisoft/yii/framework/web/actions/CInlineAction.php(49): SiteController->actionIndex()
#2 /var/www/new/yii1/protected/vendor/yiisoft/yii/framework/web/CController.php(308): CInlineAction->runWithParams()
#3 /var/www/new/yii1/protected/vendor/yiisoft/yii/framework/web/CController.php(286): SiteController->runAction()
#4 /var/www/new/yii1/protected/vendor/yiisoft/yii/framework/web/CController.php(265): SiteController->runActionWithFilters()
#5 /var/www/new/yii1/protected/vendor/yiisoft/yii/framework/web/CWebApplication.php(282): SiteController->run()
#6 /var/www/new/yii1/protected/vendor/yiisoft/yii/framework/web/CWebApplication.php(141): CWebApplication->runController()
#7 /var/www/new/yii1/protected/vendor/yiisoft/yii/framework/base/CApplication.php(180): CWebApplication->processRequest()
#8 /var/www/new/yii1/app/index.php(13): CWebApplication->run()
REQUEST_URI=/new/yii1/app/index.php
in /var/www/new/yii1/protected/controllers/SiteController.php (33)
in /var/www/new/yii1/app/index.php (13)
2014/05/29 01:45:39 [error] [system.db.CDbCommand] CDbCommand::execute() failed: SQLSTATE[23000]: Integrity constraint violation: 1048 Column 'id' cannot be null. The SQL statement executed was: INSERT INTO `inputs` (`id`) VALUES (NULL).
in /var/www/new/yii1/protected/controllers/SiteController.php (42)
in /var/www/new/yii1/app/index.php (13)
2014/05/29 01:45:39 [error] [exception.CDbException] exception 'CDbException' with message 'CDbCommand failed to execute the SQL statement: SQLSTATE[23000]: Integrity constraint violation: 1048 Column 'id' cannot be null. The SQL statement executed was: INSERT INTO `inputs` (`id`) VALUES (NULL)' in /var/www/new/yii1/protected/vendor/yiisoft/yii/framework/db/CDbCommand.php:358
Stack trace:
#0 /var/www/new/yii1/protected/vendor/yiisoft/yii/framework/db/ar/CActiveRecord.php(1077): CDbCommand->execute()
#1 /var/www/new/yii1/protected/vendor/yiisoft/yii/framework/db/ar/CActiveRecord.php(806): CActiveRecord->insert(NULL)
#2 /var/www/new/yii1/protected/controllers/SiteController.php(42): CActiveRecord->save()
#3 /var/www/new/yii1/protected/vendor/yiisoft/yii/framework/web/actions/CInlineAction.php(49): SiteController->actionIndex()
#4 /var/www/new/yii1/protected/vendor/yiisoft/yii/framework/web/CController.php(308): CInlineAction->runWithParams(Array)
#5 /var/www/new/yii1/protected/vendor/yiisoft/yii/framework/web/CController.php(286): CController->runAction(Object(CInlineAction))
#6 /var/www/new/yii1/protected/vendor/yiisoft/yii/framework/web/CController.php(265): CController->runActionWithFilters(Object(CInlineAction), Array)
#7 /var/www/new/yii1/protected/vendor/yiisoft/yii/framework/web/CWebApplication.php(282): CController->run('')
#8 /var/www/new/yii1/protected/vendor/yiisoft/yii/framework/web/CWebApplication.php(141): CWebApplication->runController('')
#9 /var/www/new/yii1/protected/vendor/yiisoft/yii/framework/base/CApplication.php(180): CWebApplication->processRequest()
#10 /var/www/new/yii1/app/index.php(13): CApplication->run()
#11 {main}
REQUEST_URI=/new/yii1/app/index.php
---
2014/06/05 15:16:21 [error] [exception.CDbException] exception 'CDbException' with message 'CDbConnection failed to open the DB connection: SQLSTATE[42000] [1049] Unknown database 'yii'' in /www/yii1/protected/vendor/yiisoft/yii/framework/db/CDbConnection.php:382
Stack trace:
#0 /www/yii1/protected/vendor/yiisoft/yii/framework/db/CDbConnection.php(330): CDbConnection->open()
#1 /www/yii1/protected/vendor/yiisoft/yii/framework/db/CDbConnection.php(308): CDbConnection->setActive(true)
#2 /www/yii1/protected/vendor/yiisoft/yii/framework/base/CModule.php(387): CDbConnection->init()
#3 /www/yii1/protected/vendor/yiisoft/yii/framework/base/CApplication.php(450): CModule->getComponent('db')
#4 /www/yii1/protected/vendor/yiisoft/yii/framework/db/ar/CActiveRecord.php(634): CApplication->getDb()
#5 /www/yii1/protected/vendor/yiisoft/yii/framework/db/ar/CActiveRecord.php(2361): CActiveRecord->getDbConnection()
#6 /www/yii1/protected/vendor/yiisoft/yii/framework/db/ar/CActiveRecord.php(411): CActiveRecordMetaData->__construct(Object(Inputs))
#7 /www/yii1/protected/vendor/yiisoft/yii/framework/db/ar/CActiveRecord.php(79): CActiveRecord->getMetaData()
#8 /www/yii1/protected/controllers/SiteController.php(32): CActiveRecord->__construct()
#9 /www/yii1/protected/vendor/yiisoft/yii/framework/web/actions/CInlineAction.php(49): SiteController->actionIndex()
#10 /www/yii1/protected/vendor/yiisoft/yii/framework/web/CController.php(308): CInlineAction->runWithParams(Array)
#11 /www/yii1/protected/vendor/yiisoft/yii/framework/web/CController.php(286): CController->runAction(Object(CInlineAction))
#12 /www/yii1/protected/vendor/yiisoft/yii/framework/web/CController.php(265): CController->runActionWithFilters(Object(CInlineAction), Array)
#13 /www/yii1/protected/vendor/yiisoft/yii/framework/web/CWebApplication.php(282): CController->run('')
#14 /www/yii1/protected/vendor/yiisoft/yii/framework/web/CWebApplication.php(141): CWebApplication->runController('')
#15 /www/yii1/protected/vendor/yiisoft/yii/framework/base/CApplication.php(180): CWebApplication->processRequest()
#16 /www/yii1/app/index.php(13): CApplication->run()
#17 {main}
REQUEST_URI=/yii1/app/
HTTP_REFERER=http://localhost/yii1/
---
2014/06/05 15:18:32 [error] [php] Undefined variable: form (/www/yii1/protected/views/site/index.php:36)
Stack trace:
#0 /www/yii1/protected/vendor/yiisoft/yii/framework/web/CController.php(869): SiteController->renderFile()
#1 /www/yii1/protected/vendor/yiisoft/yii/framework/web/CController.php(782): SiteController->renderPartial()
#2 /www/yii1/protected/controllers/SiteController.php(46): SiteController->render()
#3 /www/yii1/protected/vendor/yiisoft/yii/framework/web/actions/CInlineAction.php(49): SiteController->actionIndex()
#4 /www/yii1/protected/vendor/yiisoft/yii/framework/web/CController.php(308): CInlineAction->runWithParams()
#5 /www/yii1/protected/vendor/yiisoft/yii/framework/web/CController.php(286): SiteController->runAction()
#6 /www/yii1/protected/vendor/yiisoft/yii/framework/web/CController.php(265): SiteController->runActionWithFilters()
#7 /www/yii1/protected/vendor/yiisoft/yii/framework/web/CWebApplication.php(282): SiteController->run()
#8 /www/yii1/protected/vendor/yiisoft/yii/framework/web/CWebApplication.php(141): CWebApplication->runController()
#9 /www/yii1/protected/vendor/yiisoft/yii/framework/base/CApplication.php(180): CWebApplication->processRequest()
#10 /www/yii1/app/index.php(13): CWebApplication->run()
REQUEST_URI=/yii1/app/
in /www/yii1/protected/views/site/index.php (36)
in /www/yii1/protected/controllers/SiteController.php (46)
in /www/yii1/app/index.php (13)
2014/06/05 15:50:06 [error] [php] Undefined variable: select (/www/yii1/protected/views/site/index.php:41)
Stack trace:
#0 /www/yii1/protected/vendor/yiisoft/yii/framework/web/CController.php(869): SiteController->renderFile()
#1 /www/yii1/protected/vendor/yiisoft/yii/framework/web/CController.php(782): SiteController->renderPartial()
#2 /www/yii1/protected/controllers/SiteController.php(46): SiteController->render()
#3 /www/yii1/protected/vendor/yiisoft/yii/framework/web/actions/CInlineAction.php(49): SiteController->actionIndex()
#4 /www/yii1/protected/vendor/yiisoft/yii/framework/web/CController.php(308): CInlineAction->runWithParams()
#5 /www/yii1/protected/vendor/yiisoft/yii/framework/web/CController.php(286): SiteController->runAction()
#6 /www/yii1/protected/vendor/yiisoft/yii/framework/web/CController.php(265): SiteController->runActionWithFilters()
#7 /www/yii1/protected/vendor/yiisoft/yii/framework/web/CWebApplication.php(282): SiteController->run()
#8 /www/yii1/protected/vendor/yiisoft/yii/framework/web/CWebApplication.php(141): CWebApplication->runController()
#9 /www/yii1/protected/vendor/yiisoft/yii/framework/base/CApplication.php(180): CWebApplication->processRequest()
#10 /www/yii1/app/index.php(13): CWebApplication->run()
REQUEST_URI=/yii1/app/
in /www/yii1/protected/views/site/index.php (41)
in /www/yii1/protected/controllers/SiteController.php (46)
in /www/yii1/app/index.php (13)
2014/06/05 16:01:50 [error] [exception.CDbException] exception 'CDbException' with message 'CDbConnection failed to open the DB connection: SQLSTATE[HY000] [2002] Can't connect to local MySQL server through socket '/var/run/mysqld/mysqld.sock' (2)' in /www/yii1/protected/vendor/yiisoft/yii/framework/db/CDbConnection.php:382
Stack trace:
#0 /www/yii1/protected/vendor/yiisoft/yii/framework/db/CDbConnection.php(330): CDbConnection->open()
#1 /www/yii1/protected/vendor/yiisoft/yii/framework/db/CDbConnection.php(308): CDbConnection->setActive(true)
#2 /www/yii1/protected/vendor/yiisoft/yii/framework/base/CModule.php(387): CDbConnection->init()
#3 /www/yii1/protected/vendor/yiisoft/yii/framework/base/CApplication.php(450): CModule->getComponent('db')
#4 /www/yii1/protected/vendor/yiisoft/yii/framework/db/ar/CActiveRecord.php(634): CApplication->getDb()
#5 /www/yii1/protected/vendor/yiisoft/yii/framework/db/ar/CActiveRecord.php(2361): CActiveRecord->getDbConnection()
#6 /www/yii1/protected/vendor/yiisoft/yii/framework/db/ar/CActiveRecord.php(411): CActiveRecordMetaData->__construct(Object(Inputs))
#7 /www/yii1/protected/vendor/yiisoft/yii/framework/db/ar/CActiveRecord.php(79): CActiveRecord->getMetaData()
#8 /www/yii1/protected/controllers/SiteController.php(32): CActiveRecord->__construct()
#9 /www/yii1/protected/vendor/yiisoft/yii/framework/web/actions/CInlineAction.php(49): SiteController->actionIndex()
#10 /www/yii1/protected/vendor/yiisoft/yii/framework/web/CController.php(308): CInlineAction->runWithParams(Array)
#11 /www/yii1/protected/vendor/yiisoft/yii/framework/web/CController.php(286): CController->runAction(Object(CInlineAction))
#12 /www/yii1/protected/vendor/yiisoft/yii/framework/web/CController.php(265): CController->runActionWithFilters(Object(CInlineAction), Array)
#13 /www/yii1/protected/vendor/yiisoft/yii/framework/web/CWebApplication.php(282): CController->run('')
#14 /www/yii1/protected/vendor/yiisoft/yii/framework/web/CWebApplication.php(141): CWebApplication->runController('')
#15 /www/yii1/protected/vendor/yiisoft/yii/framework/base/CApplication.php(180): CWebApplication->processRequest()
#16 /www/yii1/app/index.php(13): CApplication->run()
#17 {main}
REQUEST_URI=/yii1/app/
HTTP_REFERER=http://localhost/yii1/
---
